0 info it worked if it ends with ok
1 verbose cli [ 'c:\\Program Files\\nodejs\\node.exe',
1 verbose cli   'c:\\Program Files\\nodejs\\node_modules\\npm\\bin\\npm-cli.js',
1 verbose cli   'publish',
1 verbose cli   './',
1 verbose cli   '--0.1.1' ]
2 info using npm@2.5.1
3 info using node@v0.12.0
4 verbose publish [ './' ]
5 silly cache add args [ './', null ]
6 verbose cache add spec ./
7 silly cache add parsed spec { raw: './',
7 silly cache add   scope: null,
7 silly cache add   name: null,
7 silly cache add   rawSpec: './',
7 silly cache add   spec: 'c:\\xampp\\htdocs\\owl.thumbs',
7 silly cache add   type: 'directory' }
8 verbose addLocalDirectory C:\Users\Gijs\AppData\Roaming\npm-cache\owl.carousel2.thumbs\0.1.1\package.tgz not in flight; packing
9 verbose tar pack [ 'C:\\Users\\Gijs\\AppData\\Roaming\\npm-cache\\owl.carousel2.thumbs\\0.1.1\\package.tgz',
9 verbose tar pack   'c:\\xampp\\htdocs\\owl.thumbs' ]
10 verbose tarball C:\Users\Gijs\AppData\Roaming\npm-cache\owl.carousel2.thumbs\0.1.1\package.tgz
11 verbose folder c:\xampp\htdocs\owl.thumbs
12 info prepublish owl.carousel2.thumbs@0.1.1
13 verbose addLocalTarball adding from inside cache C:\Users\Gijs\AppData\Roaming\npm-cache\owl.carousel2.thumbs\0.1.1\package.tgz
14 silly cache afterAdd owl.carousel2.thumbs@0.1.1
15 verbose afterAdd C:\Users\Gijs\AppData\Roaming\npm-cache\owl.carousel2.thumbs\0.1.1\package\package.json not in flight; writing
16 verbose afterAdd C:\Users\Gijs\AppData\Roaming\npm-cache\owl.carousel2.thumbs\0.1.1\package\package.json written
17 silly publish { name: 'owl.carousel2.thumbs',
17 silly publish   title: 'Owl Carousel 2 Thumbnails',
17 silly publish   description: 'Enables thumbnail support for Owl Carousel 2.0',
17 silly publish   version: '0.1.1',
17 silly publish   main: 'dist/owl.carousel2.thumbs.min.js',
17 silly publish   homepage: 'https://github.com/gijsroge/OwlCarousel2-Thumbs',
17 silly publish   author: { name: 'Gijs Rogé', url: 'http://twitter.com/gijsroge' },
17 silly publish   repository:
17 silly publish    { type: 'git',
17 silly publish      url: 'https://github.com/gijsroge/OwlCarousel2-Thumbs.git' },
17 silly publish   keywords: [ 'Owl', 'Carousel', 'Thumbs', 'Thumbnails', 'jQuery' ],
17 silly publish   license:
17 silly publish    { type: 'MIT',
17 silly publish      url: 'https://github.com/gijsroge/OwlCarousel2-Thumbs/blob/master/LICENSE' },
17 silly publish   bugs: { url: 'https://github.com/gijsroge/OwlCarousel2-Thumbs/issues' },
17 silly publish   engines: { node: '>=0.8.0' },
17 silly publish   dependencies: {},
17 silly publish   devDependencies:
17 silly publish    { crayola: '0.0.1',
17 silly publish      grunt: '~0.4.2',
17 silly publish      'grunt-bump': '0.0.15',
17 silly publish      'grunt-contrib-compress': '^0.13.0',
17 silly publish      'grunt-contrib-concat': '~0.3.0',
17 silly publish      'grunt-contrib-jshint': '~0.8.0',
17 silly publish      'grunt-contrib-uglify': '~0.2.7',
17 silly publish      'grunt-contrib-watch': '~0.5.2',
17 silly publish      'jshint-stylish': '~0.1.5',
17 silly publish      'load-grunt-tasks': '~0.2.1',
17 silly publish      'time-grunt': '~0.2.7' },
17 silly publish   scripts: { test: 'grunt jshint' },
17 silly publish   readme: '# Owl Carousel 2 Thumbnails plugin\nEnables thumbnail support for Owl Carousel 2.0\n\n## Quick start\ngrab the [latest release](https://github.com/gijsroge/OwlCarousel2-Thumbs/archive/1.0.zip) and slam it behind the default owl carousel plugin.\n\n##### Enable thumbs\n```javascript\n$(document).ready(function(){\n  $(\'.owl-carousel\').owlCarousel({\n    thumbs: true\n  });\n});\n```\n##### Add data-thumb attribute to your slides\n```html\n<div class="owl-carousel">\n    <div data-thumb=\'Content of your thumbnail (can ben anything)\'> Your Content </div>\n    <div data-thumb=\'Content of your thumbnail (can ben anything)\'> Your Content </div>\n    <div data-thumb=\'Content of your thumbnail (can ben anything)\'> Your Content </div>\n    <div data-thumb=\'Content of your thumbnail (can ben anything)\'> Your Content </div>\n</div>\n```\n\n#### [demo](http://gijsroge.github.io/owl-carousel2-thumbs)\n\n## Available options\n```javascript\n$(document).ready(function(){\n  $(\'.owl-carousel\').owlCarousel({\n    // Enable thumbnails\n    thumbs: true,\n  \n    // When using only images in your slide (like the demo) use this option to dynamicly create thumbnails without using the attribute data-thumb.\n    thumbImage: false,\n    \n    //Class that will be used on the thumbnail container\n    thumbContainerClass: \'owl-thumbs\',\n    \n    //Class that will be used on the thumbnail item\'s\n    thumbItemClass: \'owl-thumb-item\'\n  });\n});\n```\n\n## npm\n```\nnpm install owl.carousel2.thumbs\n```\n\n## bower\n```\nbower install owl.carousel2.thumbs\n```\n\n</> with <3 in Belgium by [@GijsRoge](https://twitter.com/GijsRoge)\n',
17 silly publish   readmeFilename: 'README.md',
17 silly publish   gitHead: '30a676dce9d24b0e43db55669bd8e66f01bf6821',
17 silly publish   _id: 'owl.carousel2.thumbs@0.1.1',
17 silly publish   _shasum: '973437098861cd1da18dbd2f1d361e2177915817',
17 silly publish   _from: '.' }
18 silly mapToRegistry name owl.carousel2.thumbs
19 silly mapToRegistry using default registry
20 silly mapToRegistry registry http://registry.npmjs.org/
21 silly mapToRegistry uri http://registry.npmjs.org/owl.carousel2.thumbs
22 verbose publish registryBase http://registry.npmjs.org/
23 silly publish uploading C:\Users\Gijs\AppData\Roaming\npm-cache\owl.carousel2.thumbs\0.1.1\package.tgz
24 verbose request uri http://registry.npmjs.org/owl.carousel2.thumbs
25 verbose request sending authorization for write operation
26 info attempt registry request try #1 at 21:34:13
27 verbose request id 674752153f7acab7
28 http request PUT http://registry.npmjs.org/owl.carousel2.thumbs
29 http 409 http://registry.npmjs.org/owl.carousel2.thumbs
30 verbose headers { 'content-type': 'application/json',
30 verbose headers   'cache-control': 'max-age=60',
30 verbose headers   'content-length': '17',
30 verbose headers   'accept-ranges': 'bytes',
30 verbose headers   date: 'Thu, 26 Mar 2015 20:34:17 GMT',
30 verbose headers   via: '1.1 varnish',
30 verbose headers   connection: 'keep-alive',
30 verbose headers   'x-served-by': 'cache-ams4134-AMS',
30 verbose headers   'x-cache': 'MISS',
30 verbose headers   'x-cache-hits': '0',
30 verbose headers   'x-timer': 'S1427402056.553348,VS0,VE1310' }
31 verbose request invalidating C:\Users\Gijs\AppData\Roaming\npm-cache\registry.npmjs.org\owl.carousel2.thumbs on PUT
32 verbose request uri http://registry.npmjs.org/owl.carousel2.thumbs?write=true
33 verbose request no auth needed
34 info attempt registry request try #1 at 21:34:14
35 http request GET http://registry.npmjs.org/owl.carousel2.thumbs?write=true
36 http 200 http://registry.npmjs.org/owl.carousel2.thumbs?write=true
37 verbose stack Error: cannot modify pre-existing version
37 verbose stack     at conflictError (c:\Program Files\nodejs\node_modules\npm\node_modules\npm-registry-client\lib\publish.js:184:11)
37 verbose stack     at CachingRegistryClient.putNext (c:\Program Files\nodejs\node_modules\npm\node_modules\npm-registry-client\lib\publish.js:147:15)
37 verbose stack     at c:\Program Files\nodejs\node_modules\npm\node_modules\npm-registry-client\lib\publish.js:129:15
37 verbose stack     at c:\Program Files\nodejs\node_modules\npm\lib\cache\caching-client.js:52:8
37 verbose stack     at f (c:\Program Files\nodejs\node_modules\npm\node_modules\once\once.js:17:25)
37 verbose stack     at c:\Program Files\nodejs\node_modules\npm\node_modules\npm-registry-client\lib\request.js:73:16
37 verbose stack     at f (c:\Program Files\nodejs\node_modules\npm\node_modules\once\once.js:17:25)
37 verbose stack     at CachingRegistryClient.<anonymous> (c:\Program Files\nodejs\node_modules\npm\node_modules\npm-registry-client\lib\request.js:262:12)
37 verbose stack     at Request._callback (c:\Program Files\nodejs\node_modules\npm\node_modules\npm-registry-client\lib\request.js:178:14)
37 verbose stack     at Request.self.callback (c:\Program Files\nodejs\node_modules\npm\node_modules\request\request.js:344:22)
38 verbose pkgid owl.carousel2.thumbs
39 verbose cwd c:\xampp\htdocs\owl.thumbs
40 error Windows_NT 6.3.9600
41 error argv "c:\\Program Files\\nodejs\\node.exe" "c:\\Program Files\\nodejs\\node_modules\\npm\\bin\\npm-cli.js" "publish" "./" "--0.1.1"
42 error node v0.12.0
43 error npm  v2.5.1
44 error code EPUBLISHCONFLICT
45 error publish fail Cannot publish over existing version.
45 error publish fail Update the 'version' field in package.json and try again.
45 error publish fail
45 error publish fail To automatically increment version numbers, see:
45 error publish fail     npm help version
46 verbose exit [ 1, true ]
